[07:39:05] [main/INFO]: Environment: authHost='https://authserver.mojang.com', accountsHost='https://api.mojang.com', sessionHost='https://sessionserver.mojang.com', servicesHost='https://api.minecraftservices.com', name='PROD'
[07:39:06] [main/WARN]: Ambiguity between arguments [teleport, destination] and [teleport, targets] with inputs: [Player, 0123, @e, dd12be42-52a9-4a91-a8a1-11c01849e498]
[07:39:06] [main/WARN]: Ambiguity between arguments [teleport, location] and [teleport, destination] with inputs: [0.1 -0.5 .9, 0 0 0]
[07:39:06] [main/WARN]: Ambiguity between arguments [teleport, location] and [teleport, targets] with inputs: [0.1 -0.5 .9, 0 0 0]
[07:39:06] [main/WARN]: Ambiguity between arguments [teleport, targets] and [teleport, destination] with inputs: [Player, 0123, dd12be42-52a9-4a91-a8a1-11c01849e498]
[07:39:06] [main/WARN]: Ambiguity between arguments [teleport, targets, location] and [teleport, targets, destination] with inputs: [0.1 -0.5 .9, 0 0 0]
[07:39:06] [main/INFO]: Reloading ResourceManager: Default, bukkit
[07:39:07] [Worker-Main-4/INFO]: Loaded 7 recipes
[07:39:08] [Worker-Main-4/INFO]: Loaded 927 advancements
[07:39:10] [Server thread/INFO]: Starting minecraft server version 1.16.5
[07:39:10] [Server thread/INFO]: Loading properties
[07:39:10] [Server thread/INFO]: Default game type: SURVIVAL
[07:39:10] [Server thread/INFO]: Generating keypair
[07:39:10] [Server thread/INFO]: Starting Minecraft server on *:25565
[07:39:10] [Server thread/INFO]: Using epoll channel type
[07:39:10] [Server thread/INFO]: Preparing level "world"
[07:39:10] [Server thread/INFO]: Preparing start region for dimension minecraft:overworld
[07:39:13] [Server thread/INFO]: Preparing spawn area: 0%
[07:39:13] [Server thread/INFO]: Preparing spawn area: 0%
[07:39:13] [Server thread/INFO]: Preparing spawn area: 0%
[07:39:13] [Server thread/INFO]: Preparing spawn area: 0%
[07:39:13] [Server thread/INFO]: Preparing spawn area: 0%
[07:39:13] [Server thread/INFO]: Preparing spawn area: 0%
[07:39:13] [Server thread/INFO]: Time elapsed: 3048 ms
[07:39:13] [Server thread/INFO]: Done (3.221s)! For help, type "help"
